02:47:05 **** Incremental Build of configuration Debug for project DBGL_Base ****
make -C "D:/Eigene Dateien/Eigene Dokumente/Git Projects/Dragon-Blaze-Game-Library/DBGL_Base/Debug" VERBOSE=1 -j4 all 
make: Entering directory `/d/Eigene Dateien/Eigene Dokumente/Git Projects/Dragon-Blaze-Game-Library/DBGL_Base/Debug'
"/D/Programme/CMake 2.8/bin/cmake.exe" -H"/D/Eigene Dateien/workspace/DBGL_Base" -B"/D/Eigene Dateien/workspace/DBGL_Base/Debug" --check-build-system CMakeFiles/Makefile.cmake 0
"/D/Programme/CMake 2.8/bin/cmake.exe" -E cmake_progress_start "/D/Eigene Dateien/workspace/DBGL_Base/Debug/CMakeFiles" "/D/Eigene Dateien/workspace/DBGL_Base/Debug/CMakeFiles/progress.marks"
make -f CMakeFiles/Makefile2 all
make[1]: Entering directory `/d/Eigene Dateien/Eigene Dokumente/Git Projects/Dragon-Blaze-Game-Library/DBGL_Base/Debug'
make -f CMakeFiles/DBGL_Base.dir/build.make CMakeFiles/DBGL_Base.dir/depend
make[2]: Entering directory `/d/Eigene Dateien/Eigene Dokumente/Git Projects/Dragon-Blaze-Game-Library/DBGL_Base/Debug'
"/D/Programme/CMake 2.8/bin/cmake.exe" -E cmake_depends "MSYS Makefiles" "/D/Eigene Dateien/workspace/DBGL_Base" "/D/Eigene Dateien/workspace/DBGL_Base" "/D/Eigene Dateien/workspace/DBGL_Base/Debug" "/D/Eigene Dateien/workspace/DBGL_Base/Debug" "/D/Eigene Dateien/workspace/DBGL_Base/Debug/CMakeFiles/DBGL_Base.dir/DependInfo.cmake" --color=
make[2]: Leaving directory `/d/Eigene Dateien/Eigene Dokumente/Git Projects/Dragon-Blaze-Game-Library/DBGL_Base/Debug'
make -f CMakeFiles/DBGL_Base.dir/build.make CMakeFiles/DBGL_Base.dir/build
make[2]: Entering directory `/d/Eigene Dateien/Eigene Dokumente/Git Projects/Dragon-Blaze-Game-Library/DBGL_Base/Debug'
make[2]: Nothing to be done for `CMakeFiles/DBGL_Base.dir/build'.
make[2]: Leaving directory `/d/Eigene Dateien/Eigene Dokumente/Git Projects/Dragon-Blaze-Game-Library/DBGL_Base/Debug'
"/D/Programme/CMake 2.8/bin/cmake.exe" -E cmake_progress_report "/D/Eigene Dateien/workspace/DBGL_Base/Debug/CMakeFiles" 
Built target DBGL_Base
make[1]: Leaving directory `/d/Eigene Dateien/Eigene Dokumente/Git Projects/Dragon-Blaze-Game-Library/DBGL_Base/Debug'
"/D/Programme/CMake 2.8/bin/cmake.exe" -E cmake_progress_start "/D/Eigene Dateien/workspace/DBGL_Base/Debug/CMakeFiles" 0
make: Leaving directory `/d/Eigene Dateien/Eigene Dokumente/Git Projects/Dragon-Blaze-Game-Library/DBGL_Base/Debug'
02:47:06 **** Incremental Build of configuration Default for project DBGL_Base_Test ****
make -C "D:/Eigene Dateien/Eigene Dokumente/Git Projects/Dragon-Blaze-Game-Library/DBGL_Base_Test/Debug" VERBOSE=1 -j4 all 
make: Entering directory `/d/Eigene Dateien/Eigene Dokumente/Git Projects/Dragon-Blaze-Game-Library/DBGL_Base_Test/Debug'
"/D/Programme/CMake 2.8/bin/cmake.exe" -H"/D/Eigene Dateien/workspace/DBGL_Base_Test" -B"/D/Eigene Dateien/workspace/DBGL_Base_Test/Debug" --check-build-system CMakeFiles/Makefile.cmake 0
"/D/Programme/CMake 2.8/bin/cmake.exe" -E cmake_progress_start "/D/Eigene Dateien/workspace/DBGL_Base_Test/Debug/CMakeFiles" "/D/Eigene Dateien/workspace/DBGL_Base_Test/Debug/CMakeFiles/progress.marks"
make -f CMakeFiles/Makefile2 all
make[1]: Entering directory `/d/Eigene Dateien/Eigene Dokumente/Git Projects/Dragon-Blaze-Game-Library/DBGL_Base_Test/Debug'
make -f CMakeFiles/DBGL_Base_Test.dir/build.make CMakeFiles/DBGL_Base_Test.dir/depend
make[2]: Entering directory `/d/Eigene Dateien/Eigene Dokumente/Git Projects/Dragon-Blaze-Game-Library/DBGL_Base_Test/Debug'
"/D/Programme/CMake 2.8/bin/cmake.exe" -E cmake_depends "MSYS Makefiles" "/D/Eigene Dateien/workspace/DBGL_Base_Test" "/D/Eigene Dateien/workspace/DBGL_Base_Test" "/D/Eigene Dateien/workspace/DBGL_Base_Test/Debug" "/D/Eigene Dateien/workspace/DBGL_Base_Test/Debug" "/D/Eigene Dateien/workspace/DBGL_Base_Test/Debug/CMakeFiles/DBGL_Base_Test.dir/DependInfo.cmake" --color=
Dependee "D:/Eigene Dateien/workspace/DBGL_Base_Test/src/Main.cpp" is newer than depender "CMakeFiles/DBGL_Base_Test.dir/src/Main.cpp.obj".
Dependee "D:/Eigene Dateien/workspace/DBGL_Base_Test/src/Math/Matrix2x2_Test.cpp" is newer than depender "CMakeFiles/DBGL_Base_Test.dir/src/Math/Matrix2x2_Test.cpp.obj".
Dependee "D:/Eigene Dateien/workspace/DBGL_Base_Test/src/Math/Matrix3x3_Test.cpp" is newer than depender "CMakeFiles/DBGL_Base_Test.dir/src/Math/Matrix3x3_Test.cpp.obj".
Dependee "D:/Eigene Dateien/workspace/DBGL_Base_Test/src/Math/Matrix4x4_Test.cpp" is newer than depender "CMakeFiles/DBGL_Base_Test.dir/src/Math/Matrix4x4_Test.cpp.obj".
Dependee "D:/Eigene Dateien/workspace/DBGL_Base_Test/src/Math/Matrix_Test.cpp" is newer than depender "CMakeFiles/DBGL_Base_Test.dir/src/Math/Matrix_Test.cpp.obj".
Dependee "D:/Eigene Dateien/workspace/DBGL_Base_Test/src/Math/Vector2_Test.cpp" is newer than depender "CMakeFiles/DBGL_Base_Test.dir/src/Math/Vector2_Test.cpp.obj".
Dependee "D:/Eigene Dateien/workspace/DBGL_Base_Test/src/Math/Vector3_Test.cpp" is newer than depender "CMakeFiles/DBGL_Base_Test.dir/src/Math/Vector3_Test.cpp.obj".
Dependee "D:/Eigene Dateien/workspace/DBGL_Base_Test/src/Math/Vector4_Test.cpp" is newer than depender "CMakeFiles/DBGL_Base_Test.dir/src/Math/Vector4_Test.cpp.obj".
Dependee "D:/Eigene Dateien/workspace/DBGL_Base_Test/src/Math/Vector_Test.cpp" is newer than depender "CMakeFiles/DBGL_Base_Test.dir/src/Math/Vector_Test.cpp.obj".
Clearing dependencies in "d:/Eigene Dateien/workspace/DBGL_Base_Test/Debug/CMakeFiles/DBGL_Base_Test.dir/depend.make".
[35m[1mScanning dependencies of target DBGL_Base_Test
[0mmake[2]: Leaving directory `/d/Eigene Dateien/Eigene Dokumente/Git Projects/Dragon-Blaze-Game-Library/DBGL_Base_Test/Debug'
make -f CMakeFiles/DBGL_Base_Test.dir/build.make CMakeFiles/DBGL_Base_Test.dir/build
make[2]: Entering directory `/d/Eigene Dateien/Eigene Dokumente/Git Projects/Dragon-Blaze-Game-Library/DBGL_Base_Test/Debug'
"/D/Programme/CMake 2.8/bin/cmake.exe" -E cmake_progress_report "/D/Eigene Dateien/workspace/DBGL_Base_Test/Debug/CMakeFiles" 2
"/D/Programme/CMake 2.8/bin/cmake.exe" -E cmake_progress_report "/D/Eigene Dateien/workspace/DBGL_Base_Test/Debug/CMakeFiles" 3
"/D/Programme/CMake 2.8/bin/cmake.exe" -E cmake_progress_report "/D/Eigene Dateien/workspace/DBGL_Base_Test/Debug/CMakeFiles" 4
"/D/Programme/CMake 2.8/bin/cmake.exe" -E cmake_progress_report "/D/Eigene Dateien/workspace/DBGL_Base_Test/Debug/CMakeFiles" 5
[ 20%] [ 20%] [ 30%] [ 40%] 
Command canceled
02:47:55 **** Incremental Build of configuration Debug for project DBGL_Base ****
make -C "D:/Eigene Dateien/Eigene Dokumente/Git Projects/Dragon-Blaze-Game-Library/DBGL_Base/Debug" VERBOSE=1 -j4 all 
make: Entering directory `/d/Eigene Dateien/Eigene Dokumente/Git Projects/Dragon-Blaze-Game-Library/DBGL_Base/Debug'
"/D/Programme/CMake 2.8/bin/cmake.exe" -H"/D/Eigene Dateien/workspace/DBGL_Base" -B"/D/Eigene Dateien/workspace/DBGL_Base/Debug" --check-build-system CMakeFiles/Makefile.cmake 0
"/D/Programme/CMake 2.8/bin/cmake.exe" -E cmake_progress_start "/D/Eigene Dateien/workspace/DBGL_Base/Debug/CMakeFiles" "/D/Eigene Dateien/workspace/DBGL_Base/Debug/CMakeFiles/progress.marks"
make -f CMakeFiles/Makefile2 all
make[1]: Entering directory `/d/Eigene Dateien/Eigene Dokumente/Git Projects/Dragon-Blaze-Game-Library/DBGL_Base/Debug'
make -f CMakeFiles/DBGL_Base.dir/build.make CMakeFiles/DBGL_Base.dir/depend
make[2]: Entering directory `/d/Eigene Dateien/Eigene Dokumente/Git Projects/Dragon-Blaze-Game-Library/DBGL_Base/Debug'
"/D/Programme/CMake 2.8/bin/cmake.exe" -E cmake_depends "MSYS Makefiles" "/D/Eigene Dateien/workspace/DBGL_Base" "/D/Eigene Dateien/workspace/DBGL_Base" "/D/Eigene Dateien/workspace/DBGL_Base/Debug" "/D/Eigene Dateien/workspace/DBGL_Base/Debug" "/D/Eigene Dateien/workspace/DBGL_Base/Debug/CMakeFiles/DBGL_Base.dir/DependInfo.cmake" --color=
make[2]: Leaving directory `/d/Eigene Dateien/Eigene Dokumente/Git Projects/Dragon-Blaze-Game-Library/DBGL_Base/Debug'
make -f CMakeFiles/DBGL_Base.dir/build.make CMakeFiles/DBGL_Base.dir/build
make[2]: Entering directory `/d/Eigene Dateien/Eigene Dokumente/Git Projects/Dragon-Blaze-Game-Library/DBGL_Base/Debug'
make[2]: Nothing to be done for `CMakeFiles/DBGL_Base.dir/build'.
make[2]: Leaving directory `/d/Eigene Dateien/Eigene Dokumente/Git Projects/Dragon-Blaze-Game-Library/DBGL_Base/Debug'
"/D/Programme/CMake 2.8/bin/cmake.exe" -E cmake_progress_report "/D/Eigene Dateien/workspace/DBGL_Base/Debug/CMakeFiles" 
Built target DBGL_Base
make[1]: Leaving directory `/d/Eigene Dateien/Eigene Dokumente/Git Projects/Dragon-Blaze-Game-Library/DBGL_Base/Debug'
"/D/Programme/CMake 2.8/bin/cmake.exe" -E cmake_progress_start "/D/Eigene Dateien/workspace/DBGL_Base/Debug/CMakeFiles" 0
make: Leaving directory `/d/Eigene Dateien/Eigene Dokumente/Git Projects/Dragon-Blaze-Game-Library/DBGL_Base/Debug'
02:47:56 **** Incremental Build of configuration Debug for project DBGL_Base ****
make -C "D:/Eigene Dateien/Eigene Dokumente/Git Projects/Dragon-Blaze-Game-Library/DBGL_Base/Debug" VERBOSE=1 -j4 all 
make: Entering directory `/d/Eigene Dateien/Eigene Dokumente/Git Projects/Dragon-Blaze-Game-Library/DBGL_Base/Debug'
"/D/Programme/CMake 2.8/bin/cmake.exe" -H"/D/Eigene Dateien/workspace/DBGL_Base" -B"/D/Eigene Dateien/workspace/DBGL_Base/Debug" --check-build-system CMakeFiles/Makefile.cmake 0
"/D/Programme/CMake 2.8/bin/cmake.exe" -E cmake_progress_start "/D/Eigene Dateien/workspace/DBGL_Base/Debug/CMakeFiles" "/D/Eigene Dateien/workspace/DBGL_Base/Debug/CMakeFiles/progress.marks"
make -f CMakeFiles/Makefile2 all
make[1]: Entering directory `/d/Eigene Dateien/Eigene Dokumente/Git Projects/Dragon-Blaze-Game-Library/DBGL_Base/Debug'
make -f CMakeFiles/DBGL_Base.dir/build.make CMakeFiles/DBGL_Base.dir/depend
make[2]: Entering directory `/d/Eigene Dateien/Eigene Dokumente/Git Projects/Dragon-Blaze-Game-Library/DBGL_Base/Debug'
"/D/Programme/CMake 2.8/bin/cmake.exe" -E cmake_depends "MSYS Makefiles" "/D/Eigene Dateien/workspace/DBGL_Base" "/D/Eigene Dateien/workspace/DBGL_Base" "/D/Eigene Dateien/workspace/DBGL_Base/Debug" "/D/Eigene Dateien/workspace/DBGL_Base/Debug" "/D/Eigene Dateien/workspace/DBGL_Base/Debug/CMakeFiles/DBGL_Base.dir/DependInfo.cmake" --color=
make[2]: Leaving directory `/d/Eigene Dateien/Eigene Dokumente/Git Projects/Dragon-Blaze-Game-Library/DBGL_Base/Debug'
make -f CMakeFiles/DBGL_Base.dir/build.make CMakeFiles/DBGL_Base.dir/build
make[2]: Entering directory `/d/Eigene Dateien/Eigene Dokumente/Git Projects/Dragon-Blaze-Game-Library/DBGL_Base/Debug'
make[2]: Nothing to be done for `CMakeFiles/DBGL_Base.dir/build'.
make[2]: Leaving directory `/d/Eigene Dateien/Eigene Dokumente/Git Projects/Dragon-Blaze-Game-Library/DBGL_Base/Debug'
"/D/Programme/CMake 2.8/bin/cmake.exe" -E cmake_progress_report "/D/Eigene Dateien/workspace/DBGL_Base/Debug/CMakeFiles" 
Built target DBGL_Base
make[1]: Leaving directory `/d/Eigene Dateien/Eigene Dokumente/Git Projects/Dragon-Blaze-Game-Library/DBGL_Base/Debug'
"/D/Programme/CMake 2.8/bin/cmake.exe" -E cmake_progress_start "/D/Eigene Dateien/workspace/DBGL_Base/Debug/CMakeFiles" 0
make: Leaving directory `/d/Eigene Dateien/Eigene Dokumente/Git Projects/Dragon-Blaze-Game-Library/DBGL_Base/Debug'
02:47:57 **** Build of configuration Default for project DBGL_Base_Test ****
make -C "D:/Eigene Dateien/Eigene Dokumente/Git Projects/Dragon-Blaze-Game-Library/DBGL_Base_Test/Debug" VERBOSE=1 -j4 all 
make: Entering directory `/d/Eigene Dateien/Eigene Dokumente/Git Projects/Dragon-Blaze-Game-Library/DBGL_Base_Test/Debug'
"/D/Programme/CMake 2.8/bin/cmake.exe" -H"/D/Eigene Dateien/workspace/DBGL_Base_Test" -B"/D/Eigene Dateien/workspace/DBGL_Base_Test/Debug" --check-build-system CMakeFiles/Makefile.cmake 0
"/D/Programme/CMake 2.8/bin/cmake.exe" -E cmake_progress_start "/D/Eigene Dateien/workspace/DBGL_Base_Test/Debug/CMakeFiles" "/D/Eigene Dateien/workspace/DBGL_Base_Test/Debug/CMakeFiles/progress.marks"
make -f CMakeFiles/Makefile2 all
make[1]: Entering directory `/d/Eigene Dateien/Eigene Dokumente/Git Projects/Dragon-Blaze-Game-Library/DBGL_Base_Test/Debug'
make -f CMakeFiles/DBGL_Base_Test.dir/build.make CMakeFiles/DBGL_Base_Test.dir/depend
make[2]: Entering directory `/d/Eigene Dateien/Eigene Dokumente/Git Projects/Dragon-Blaze-Game-Library/DBGL_Base_Test/Debug'
"/D/Programme/CMake 2.8/bin/cmake.exe" -E cmake_depends "MSYS Makefiles" "/D/Eigene Dateien/workspace/DBGL_Base_Test" "/D/Eigene Dateien/workspace/DBGL_Base_Test" "/D/Eigene Dateien/workspace/DBGL_Base_Test/Debug" "/D/Eigene Dateien/workspace/DBGL_Base_Test/Debug" "/D/Eigene Dateien/workspace/DBGL_Base_Test/Debug/CMakeFiles/DBGL_Base_Test.dir/DependInfo.cmake" --color=
make[2]: Leaving directory `/d/Eigene Dateien/Eigene Dokumente/Git Projects/Dragon-Blaze-Game-Library/DBGL_Base_Test/Debug'
make -f CMakeFiles/DBGL_Base_Test.dir/build.make CMakeFiles/DBGL_Base_Test.dir/build
make[2]: Entering directory `/d/Eigene Dateien/Eigene Dokumente/Git Projects/Dragon-Blaze-Game-Library/DBGL_Base_Test/Debug'
make[2]: Nothing to be done for `CMakeFiles/DBGL_Base_Test.dir/build'.
make[2]: Leaving directory `/d/Eigene Dateien/Eigene Dokumente/Git Projects/Dragon-Blaze-Game-Library/DBGL_Base_Test/Debug'
"/D/Programme/CMake 2.8/bin/cmake.exe" -E cmake_progress_report "/D/Eigene Dateien/workspace/DBGL_Base_Test/Debug/CMakeFiles"  1 2 3 4 5 6 7 8 9 10
[100%] Built target DBGL_Base_Test
make[1]: Leaving directory `/d/Eigene Dateien/Eigene Dokumente/Git Projects/Dragon-Blaze-Game-Library/DBGL_Base_Test/Debug'
"/D/Programme/CMake 2.8/bin/cmake.exe" -E cmake_progress_start "/D/Eigene Dateien/workspace/DBGL_Base_Test/Debug/CMakeFiles" 0
make: Leaving directory `/d/Eigene Dateien/Eigene Dokumente/Git Projects/Dragon-Blaze-Game-Library/DBGL_Base_Test/Debug'
